<?xml version="1.0" encoding="UTF-8"?>
<!-- Generated by org.testng.reporters.JUnitReportReporter -->
<testsuite hostname="DESKTOP-SV9CFRI" failures="0" tests="2" name="com.herokuapp.theinternet.loginpagetests.NegativeLoginTests" time="134.684" errors="0" timestamp="2023-08-21T12:40:04 IST" skipped="0">
  <testcase classname="com.herokuapp.theinternet.loginpagetests.NegativeLoginTests" name="negativeLoginTest" time="67.330"/>
  <testcase classname="com.herokuapp.theinternet.loginpagetests.NegativeLoginTests" name="negativeLoginTest" time="67.354"/>
</testsuite> <!-- com.herokuapp.theinternet.loginpagetests.NegativeLoginTests -->
